warning: variable does not need to be mutable
   --> src/ttn/projected.rs:111:13
    |
111 |         let mut island_states: Vec<IslandState> = islands
    |             ----^^^^^^^^^^^^^
    |             |
    |             help: remove this `mut`
    |
    = note: `#[warn(unused_mut)]` (part of `#[warn(unused)]`) on by default

warning: field `boundary_tensors` is never read
  --> src/ttn/projected.rs:46:5
   |
43 | struct IslandState {
   |        ----------- field in this struct
...
46 |     boundary_tensors: Vec<BoundaryTensor>,
   |     ^^^^^^^^^^^^^^^^
   |
   = note: `#[warn(dead_code)]` (part of `#[warn(unused)]`) on by default

warning: field `partition` is never read
  --> src/ttn/projected.rs:58:5
   |
54 | pub struct ProjectedTtn {
   |            ------------ field in this struct
...
58 |     partition: TreePartition,
   |     ^^^^^^^^^

warning: `huoma` (lib) generated 3 warnings (run `cargo fix --lib -p huoma` to apply 1 suggestion)
    Finished `release` profile [optimized] target(s) in 0.04s
     Running tests/adiabatic_ramp_2d_scale.rs (target/release/deps/adiabatic_ramp_2d_scale-70286e09f3265f2e)

running 1 test
[2D-1K] HeavyHexLayout::grid(20, 20): 1200 qubits, 1199 tree edges, 361 non-tree edges (9.23ms)
[2D-1K] Ttn::new: 104.25µs
[2D-1K] |+⟩^⊗N preparation: 6.583µs
test adiabatic_ramp_2d_grid_1k_completes has been running for over 60 seconds
[2D-1K] canonicalize: every 5 steps + after last, total = 383.30ms
[2D-1K] 50 ramp steps at χ=16: 499.82s (10.00s/step)
[2D-1K] expectation_z all (1200): 79.92ms, max|⟨Z⟩|=0.227, mean|⟨Z⟩|=0.128, mean⟨Z⟩=-0.050

[2D-1K] DONE: 1200 qubits, χ=16, 50 steps, total = 499.91s, norm² = 1.000000 (in 42.00ns), discarded = 8.4987e0

test adiabatic_ramp_2d_grid_1k_completes ... ok

test result: ok. 1 passed; 0 failed; 0 ignored; 0 measured; 3 filtered out; finished in 499.91s

